<?xml version="1.0" encoding="UTF-8"?>
<testng-results ignored="0" total="1" passed="1" failed="0" skipped="0">
  <reporter-output>
  </reporter-output>
  <suite started-at="2026-04-06T06:43:03 IST" name="My Test Suite" finished-at="2026-04-06T06:43:10 IST" duration-ms="7576">
    <groups>
    </groups>
    <test started-at="2026-04-06T06:43:03 IST" name="Functional Test1" finished-at="2026-04-06T06:43:10 IST" duration-ms="7576">
      <class name="com.example.pipelinedemo.AppTest">
        <test-method is-config="true" signature="setup()[pri:0, instance:com.example.pipelinedemo.AppTest@6a78afa0]" started-at="2026-04-06T06:43:03 IST" name="setup" finished-at="2026-04-06T06:43:08 IST" duration-ms="5705" status="PASS">
          <reporter-output>
          </reporter-output>
        </test-method> <!-- setup -->
        <test-method signature="openGoogle()[pri:0, instance:com.example.pipelinedemo.AppTest@6a78afa0]" started-at="2026-04-06T06:43:08 IST" name="openGoogle" finished-at="2026-04-06T06:43:10 IST" duration-ms="1435" status="PASS">
          <reporter-output>
          </reporter-output>
        </test-method> <!-- openGoogle -->
        <test-method is-config="true" signature="teardown()[pri:0, instance:com.example.pipelinedemo.AppTest@6a78afa0]" started-at="2026-04-06T06:43:10 IST" name="teardown" finished-at="2026-04-06T06:43:10 IST" duration-ms="358" status="PASS">
          <reporter-output>
          </reporter-output>
        </test-method> <!-- teardown -->
      </class> <!-- com.example.pipelinedemo.AppTest -->
    </test> <!-- Functional Test1 -->
  </suite> <!-- My Test Suite -->
</testng-results>
